<?xml version="1.0" encoding="UTF-8" standalone="no"?>
<!DOCTYPE log SYSTEM "logger.dtd">
<log>
<record>
  <date>2014-04-25T11:56:19</date>
  <millis>1398444979372</millis>
  <sequence>0</sequence>
  <logger>jMetal</logger>
  <level>INFO</level>
  <class>cloudmain</class>
  <method>main</method>
  <thread>10</thread>
  <message>Total execution time: 638ms</message>
</record>
<record>
  <date>2014-04-25T11:56:19</date>
  <millis>1398444979395</millis>
  <sequence>1</sequence>
  <logger>jMetal</logger>
  <level>INFO</level>
  <class>cloudmain</class>
  <method>main</method>
  <thread>10</thread>
  <message>Variables values have been writen to file VAR</message>
</record>
<record>
  <date>2014-04-25T11:56:19</date>
  <millis>1398444979398</millis>
  <sequence>2</sequence>
  <logger>jMetal</logger>
  <level>INFO</level>
  <class>cloudmain</class>
  <method>main</method>
  <thread>10</thread>
  <message>Objectives values have been writen to file FUN</message>
</record>
</log>
